Start testing: Feb 02 12:03 CET
----------------------------------------------------------
1/3 Testing: HelloTest.BasicAssertions
1/3 Test: HelloTest.BasicAssertions
Command: "/home/fpsdr/projects/testing_env/build/hello_test" "--gtest_filter=HelloTest.BasicAssertions" "--gtest_also_run_disabled_tests"
Directory: /home/fpsdr/projects/testing_env/build
"HelloTest.BasicAssertions" start time: Feb 02 12:03 CET
Output:
----------------------------------------------------------
Running main() from /home/fpsdr/projects/testing_env/build/_deps/googletest-src/googletest/src/gtest_main.cc
Note: Google Test filter = HelloTest.BasicAssertions
[==========] Running 1 test from 1 test suite.
[----------] Global test environment set-up.
[----------] 1 test from HelloTest
[ RUN      ] HelloTest.BasicAssertions
[       OK ] HelloTest.BasicAssertions (0 ms)
[----------] 1 test from HelloTest (0 ms total)

[----------] Global test environment tear-down
[==========] 1 test from 1 test suite ran. (0 ms total)
[  PASSED  ] 1 test.
<end of output>
Test time =   0.00 sec
----------------------------------------------------------
Test Passed.
"HelloTest.BasicAssertions" end time: Feb 02 12:03 CET
"HelloTest.BasicAssertions" time elapsed: 00:00:00
----------------------------------------------------------

2/3 Testing: ExtendedAssertionsTest.ExtendedAssertions
2/3 Test: ExtendedAssertionsTest.ExtendedAssertions
Command: "/home/fpsdr/projects/testing_env/build/hello_test" "--gtest_filter=ExtendedAssertionsTest.ExtendedAssertions" "--gtest_also_run_disabled_tests"
Directory: /home/fpsdr/projects/testing_env/build
"ExtendedAssertionsTest.ExtendedAssertions" start time: Feb 02 12:03 CET
Output:
----------------------------------------------------------
Running main() from /home/fpsdr/projects/testing_env/build/_deps/googletest-src/googletest/src/gtest_main.cc
Note: Google Test filter = ExtendedAssertionsTest.ExtendedAssertions
[==========] Running 1 test from 1 test suite.
[----------] Global test environment set-up.
[----------] 1 test from ExtendedAssertionsTest
[ RUN      ] ExtendedAssertionsTest.ExtendedAssertions
[       OK ] ExtendedAssertionsTest.ExtendedAssertions (0 ms)
[----------] 1 test from ExtendedAssertionsTest (0 ms total)

[----------] Global test environment tear-down
[==========] 1 test from 1 test suite ran. (0 ms total)
[  PASSED  ] 1 test.
<end of output>
Test time =   0.00 sec
----------------------------------------------------------
Test Passed.
"ExtendedAssertionsTest.ExtendedAssertions" end time: Feb 02 12:03 CET
"ExtendedAssertionsTest.ExtendedAssertions" time elapsed: 00:00:00
----------------------------------------------------------

3/3 Testing: FailingAssertionsTest.FailingAssertions
3/3 Test: FailingAssertionsTest.FailingAssertions
Command: "/home/fpsdr/projects/testing_env/build/hello_test" "--gtest_filter=FailingAssertionsTest.FailingAssertions" "--gtest_also_run_disabled_tests"
Directory: /home/fpsdr/projects/testing_env/build
"FailingAssertionsTest.FailingAssertions" start time: Feb 02 12:03 CET
Output:
----------------------------------------------------------
Running main() from /home/fpsdr/projects/testing_env/build/_deps/googletest-src/googletest/src/gtest_main.cc
Note: Google Test filter = FailingAssertionsTest.FailingAssertions
[==========] Running 1 test from 1 test suite.
[----------] Global test environment set-up.
[----------] 1 test from FailingAssertionsTest
[ RUN      ] FailingAssertionsTest.FailingAssertions
/home/fpsdr/projects/testing_env/hello_test.cpp:27: Failure
Expected equality of these values:
  1 + 2
    Which is: 3
  5
/home/fpsdr/projects/testing_env/hello_test.cpp:28: Failure
Expected: (5) > (10), actual: 5 vs 10
/home/fpsdr/projects/testing_env/hello_test.cpp:29: Failure
Value of: 2 == 3
  Actual: false
Expected: true
[  FAILED  ] FailingAssertionsTest.FailingAssertions (0 ms)
[----------] 1 test from FailingAssertionsTest (0 ms total)

[----------] Global test environment tear-down
[==========] 1 test from 1 test suite ran. (0 ms total)
[  PASSED  ] 0 tests.
[  FAILED  ] 1 test, listed below:
[  FAILED  ] FailingAssertionsTest.FailingAssertions

 1 FAILED TEST
<end of output>
Test time =   0.00 sec
----------------------------------------------------------
Test Failed.
"FailingAssertionsTest.FailingAssertions" end time: Feb 02 12:03 CET
"FailingAssertionsTest.FailingAssertions" time elapsed: 00:00:00
----------------------------------------------------------

End testing: Feb 02 12:03 CET
